<?xml version="1.0" encoding="UTF-8"?>
<!-- Generated by org.testng.reporters.JUnitReportReporter -->
<testsuite hostname="Ashu" failures="0" tests="1" name="testcases.TC_002_LoginTest" time="1.682" errors="0" timestamp="2025-03-18T15:09:28 IST" skipped="0">
  <testcase classname="testcases.TC_002_LoginTest" name="verifymyaccountpagedisplayed" time="1.682"/>
  <system-out/>
</testsuite> <!-- testcases.TC_002_LoginTest -->
