<?xml version="1.0" encoding="UTF-8"?>
<!-- Generated by org.testng.reporters.JUnitReportReporter -->
<testsuite hostname="Ashu" failures="0" tests="1" name="testcases.TC_002_LoginTest" time="2.343" errors="0" timestamp="2025-03-21T11:44:32 IST" skipped="0">
  <testcase classname="testcases.TC_002_LoginTest" name="verifymyaccountpagedisplayed" time="2.343"/>
  <system-out/>
</testsuite> <!-- testcases.TC_002_LoginTest -->
