<?xml version="1.0" encoding="UTF-8"?>
<!-- Generated by org.testng.reporters.JUnitReportReporter -->
<testsuite hostname="Ashu" failures="0" tests="1" name="testcases.TC_001_Registration" time="6.073" errors="0" timestamp="2025-03-18T15:10:09 IST" skipped="0">
  <testcase classname="testcases.TC_001_Registration" name="verifyregistration" time="6.073"/>
</testsuite> <!-- testcases.TC_001_Registration -->
